0 info it worked if it ends with ok
1 verbose cli [ '/usr/bin/node',
1 verbose cli   '/usr/bin/npm',
1 verbose cli   'install',
1 verbose cli   '-g',
1 verbose cli   'local-web-server' ]
2 info using npm@1.4.28
3 info using node@v0.10.37
4 verbose node symlink /usr/bin/node
5 verbose cache add [ 'local-web-server', null ]
6 verbose cache add name=undefined spec="local-web-server" args=["local-web-server",null]
7 verbose parsed url { protocol: null,
7 verbose parsed url   slashes: null,
7 verbose parsed url   auth: null,
7 verbose parsed url   host: null,
7 verbose parsed url   port: null,
7 verbose parsed url   hostname: null,
7 verbose parsed url   hash: null,
7 verbose parsed url   search: null,
7 verbose parsed url   query: null,
7 verbose parsed url   pathname: 'local-web-server',
7 verbose parsed url   path: 'local-web-server',
7 verbose parsed url   href: 'local-web-server' }
8 silly lockFile 5ab94544-local-web-server local-web-server
9 verbose lock local-web-server /home/jonatas/.npm/5ab94544-local-web-server.lock
10 silly lockFile 5ab94544-local-web-server local-web-server
11 silly lockFile 5ab94544-local-web-server local-web-server
12 verbose addNamed [ 'local-web-server', '' ]
13 verbose addNamed [ null, '*' ]
14 silly lockFile 514dad63-local-web-server local-web-server@
15 verbose lock local-web-server@ /home/jonatas/.npm/514dad63-local-web-server.lock
16 silly addNameRange { name: 'local-web-server', range: '*', hasData: false }
17 verbose request where is /local-web-server
18 verbose request registry https://registry.npmjs.org/
19 verbose request id b7ed035d21b12f58
20 verbose url raw /local-web-server
21 verbose url resolving [ 'https://registry.npmjs.org/', './local-web-server' ]
22 verbose url resolved https://registry.npmjs.org/local-web-server
23 verbose request where is https://registry.npmjs.org/local-web-server
24 info trying registry request attempt 1 at 20:47:47
25 http GET https://registry.npmjs.org/local-web-server
26 http 200 https://registry.npmjs.org/local-web-server
27 silly registry.get cb [ 200,
27 silly registry.get   { server: 'CouchDB/1.5.0 (Erlang OTP/R16B03)',
27 silly registry.get     etag: '"3G1549SQTJYZ42X8PH8F201VV"',
27 silly registry.get     'content-type': 'application/json',
27 silly registry.get     'cache-control': 'max-age=60',
27 silly registry.get     'content-length': '62503',
27 silly registry.get     'accept-ranges': 'bytes',
27 silly registry.get     date: 'Tue, 27 Oct 2015 22:47:50 GMT',
27 silly registry.get     via: '1.1 varnish',
27 silly registry.get     age: '0',
27 silly registry.get     connection: 'keep-alive',
27 silly registry.get     'x-served-by': 'cache-iad2121-IAD',
27 silly registry.get     'x-cache': 'MISS',
27 silly registry.get     'x-cache-hits': '0',
27 silly registry.get     'x-timer': 'S1445986070.793894,VS0,VE54',
27 silly registry.get     vary: 'Accept' } ]
28 silly addNameRange number 2 { name: 'local-web-server', range: '*', hasData: true }
29 silly addNameRange versions [ 'local-web-server',
29 silly addNameRange   [ '0.1.0',
29 silly addNameRange     '0.1.1',
29 silly addNameRange     '0.1.2',
29 silly addNameRange     '0.1.3',
29 silly addNameRange     '0.1.4',
29 silly addNameRange     '0.1.5',
29 silly addNameRange     '0.1.6',
29 silly addNameRange     '0.1.7',
29 silly addNameRange     '0.1.8',
29 silly addNameRange     '0.1.9',
29 silly addNameRange     '0.1.10',
29 silly addNameRange     '0.2.0',
29 silly addNameRange     '0.2.1',
29 silly addNameRange     '0.2.2',
29 silly addNameRange     '0.2.3',
29 silly addNameRange     '0.3.0',
29 silly addNameRange     '0.3.1',
29 silly addNameRange     '0.3.2',
29 silly addNameRange     '0.3.3',
29 silly addNameRange     '0.3.4',
29 silly addNameRange     '0.3.5',
29 silly addNameRange     '0.3.6',
29 silly addNameRange     '0.3.7',
29 silly addNameRange     '0.4.0',
29 silly addNameRange     '0.4.1',
29 silly addNameRange     '0.4.2',
29 silly addNameRange     '0.4.3',
29 silly addNameRange     '0.4.4',
29 silly addNameRange     '0.5.0',
29 silly addNameRange     '0.5.1',
29 silly addNameRange     '0.5.2',
29 silly addNameRange     '0.5.3',
29 silly addNameRange     '0.5.4',
29 silly addNameRange     '0.5.5',
29 silly addNameRange     '0.5.6',
29 silly addNameRange     '0.5.7',
29 silly addNameRange     '0.5.8',
29 silly addNameRange     '0.5.9',
29 silly addNameRange     '0.5.10',
29 silly addNameRange     '0.5.11',
29 silly addNameRange     '0.5.12',
29 silly addNameRange     '0.5.13',
29 silly addNameRange     '0.5.14',
29 silly addNameRange     '0.5.15',
29 silly addNameRange     '0.5.16',
29 silly addNameRange     '0.5.17',
29 silly addNameRange     '0.5.18',
29 silly addNameRange     '0.5.19',
29 silly addNameRange     '0.5.20',
29 silly addNameRange     '0.5.21',
29 silly addNameRange     '0.5.22',
29 silly addNameRange     '0.5.23' ] ]
30 verbose addNamed [ 'local-web-server', '0.5.23' ]
31 verbose addNamed [ '0.5.23', '0.5.23' ]
32 silly lockFile 67cd208f-local-web-server-0-5-23 local-web-server@0.5.23
33 verbose lock local-web-server@0.5.23 /home/jonatas/.npm/67cd208f-local-web-server-0-5-23.lock
34 silly lockFile af5f7fd4-rver-local-web-server-0-5-23-tgz https://registry.npmjs.org/local-web-server/-/local-web-server-0.5.23.tgz
35 verbose lock https://registry.npmjs.org/local-web-server/-/local-web-server-0.5.23.tgz /home/jonatas/.npm/af5f7fd4-rver-local-web-server-0-5-23-tgz.lock
36 verbose addRemoteTarball [ 'https://registry.npmjs.org/local-web-server/-/local-web-server-0.5.23.tgz',
36 verbose addRemoteTarball   '01cda2ae70ea9ae0a035ecf8d93b0c5808e79ca1' ]
37 info retry fetch attempt 1 at 20:47:52
38 verbose fetch to= /tmp/npm-11492-nbWJ_nG2/registry.npmjs.org/local-web-server/-/local-web-server-0.5.23.tgz
39 http GET https://registry.npmjs.org/local-web-server/-/local-web-server-0.5.23.tgz
40 http 200 https://registry.npmjs.org/local-web-server/-/local-web-server-0.5.23.tgz
41 silly lockFile af5f7fd4-rver-local-web-server-0-5-23-tgz https://registry.npmjs.org/local-web-server/-/local-web-server-0.5.23.tgz
42 silly lockFile af5f7fd4-rver-local-web-server-0-5-23-tgz https://registry.npmjs.org/local-web-server/-/local-web-server-0.5.23.tgz
43 silly lockFile 67cd208f-local-web-server-0-5-23 local-web-server@0.5.23
44 silly lockFile 67cd208f-local-web-server-0-5-23 local-web-server@0.5.23
45 silly lockFile 514dad63-local-web-server local-web-server@
46 silly lockFile 514dad63-local-web-server local-web-server@
47 silly resolved [ { name: 'local-web-server',
47 silly resolved     version: '0.5.23',
47 silly resolved     description: 'Lightweight static web server, zero configuration. Perfect for front-end devs.',
47 silly resolved     bin: { ws: './bin/ws.js' },
47 silly resolved     license: 'MIT',
47 silly resolved     engines: { node: '>=0.10.0' },
47 silly resolved     scripts: { lint: 'jshint bin/ws.js; echo;' },
47 silly resolved     repository:
47 silly resolved      { type: 'git',
47 silly resolved        url: 'git+https://github.com/75lb/local-web-server.git' },
47 silly resolved     author: { name: 'Lloyd Brookes' },
47 silly resolved     dependencies:
47 silly resolved      { 'command-line-args': '^1.0.0',
47 silly resolved        compression: '^1.0.2',
47 silly resolved        'config-master': '^1',
47 silly resolved        connect: '^3.0.0',
47 silly resolved        'console-dope': '~0.3.0',
47 silly resolved        'home-path': '^1',
47 silly resolved        morgan: '^1.0.0',
47 silly resolved        'object-tools': '^2',
47 silly resolved        'proxy-middleware': '^0.13.0',
47 silly resolved        'serve-index': '^1.6.3',
47 silly resolved        'serve-static': '^1.8',
47 silly resolved        'stream-log-stats': '^1',
47 silly resolved        typical: '^2.0.0' },
47 silly resolved     'local-web-server': { mime: [Object] },
47 silly resolved     gitHead: 'b10531166f9b4d0dc8fa24ec7470166f259df52c',
47 silly resolved     bugs: { url: 'https://github.com/75lb/local-web-server/issues' },
47 silly resolved     homepage: 'https://github.com/75lb/local-web-server#readme',
47 silly resolved     _id: 'local-web-server@0.5.23',
47 silly resolved     _shasum: '01cda2ae70ea9ae0a035ecf8d93b0c5808e79ca1',
47 silly resolved     _from: 'local-web-server@',
47 silly resolved     _npmVersion: '2.13.5',
47 silly resolved     _nodeVersion: '0.12.7',
47 silly resolved     _npmUser: { name: '75lb', email: '75pound@gmail.com' },
47 silly resolved     dist:
47 silly resolved      { shasum: '01cda2ae70ea9ae0a035ecf8d93b0c5808e79ca1',
47 silly resolved        tarball: 'http://registry.npmjs.org/local-web-server/-/local-web-server-0.5.23.tgz' },
47 silly resolved     maintainers: [ [Object] ],
47 silly resolved     directories: {},
47 silly resolved     _resolved: 'https://registry.npmjs.org/local-web-server/-/local-web-server-0.5.23.tgz' } ]
48 info install local-web-server@0.5.23 into /usr/lib
49 info installOne local-web-server@0.5.23
50 verbose lib/node_modules/local-web-server unbuild
51 verbose tar unpack /home/jonatas/.npm/local-web-server/0.5.23/package.tgz
52 silly lockFile 688d552d-ib-node-modules-local-web-server tar:///usr/lib/node_modules/local-web-server
53 verbose lock tar:///usr/lib/node_modules/local-web-server /home/jonatas/.npm/688d552d-ib-node-modules-local-web-server.lock
54 silly lockFile f3646aa5-al-web-server-0-5-23-package-tgz tar:///home/jonatas/.npm/local-web-server/0.5.23/package.tgz
55 verbose lock tar:///home/jonatas/.npm/local-web-server/0.5.23/package.tgz /home/jonatas/.npm/f3646aa5-al-web-server-0-5-23-package-tgz.lock
56 silly gunzTarPerm modes [ '775', '664' ]
57 error Error: EACCES, mkdir '/usr/lib/node_modules/local-web-server'
57 error  { [Error: EACCES, mkdir '/usr/lib/node_modules/local-web-server']
57 error   errno: 3,
57 error   code: 'EACCES',
57 error   path: '/usr/lib/node_modules/local-web-server',
57 error   fstream_type: 'Directory',
57 error   fstream_path: '/usr/lib/node_modules/local-web-server',
57 error   fstream_class: 'DirWriter',
57 error   fstream_stack:
57 error    [ '/usr/lib/node_modules/npm/node_modules/fstream/lib/dir-writer.js:36:23',
57 error      '/usr/lib/node_modules/npm/node_modules/mkdirp/index.js:46:53',
57 error      'Object.oncomplete (fs.js:108:15)' ] }
58 error Please try running this command again as root/Administrator.
59 error System Linux 3.13.0-63-generic
60 error command "/usr/bin/node" "/usr/bin/npm" "install" "-g" "local-web-server"
61 error cwd /home/jonatas/jonatassalgado/makerability
62 error node -v v0.10.37
63 error npm -v 1.4.28
64 error path /usr/lib/node_modules/local-web-server
65 error fstream_path /usr/lib/node_modules/local-web-server
66 error fstream_type Directory
67 error fstream_class DirWriter
68 error code EACCES
69 error errno 3
70 error stack Error: EACCES, mkdir '/usr/lib/node_modules/local-web-server'
71 error fstream_stack /usr/lib/node_modules/npm/node_modules/fstream/lib/dir-writer.js:36:23
71 error fstream_stack /usr/lib/node_modules/npm/node_modules/mkdirp/index.js:46:53
71 error fstream_stack Object.oncomplete (fs.js:108:15)
72 verbose exit [ 3, true ]
